Using Spark's default log4j profile: org/apache/spark/log4j-defaults.properties
Setting default log level to "WARN".
To adjust logging level use sc.setLogLevel(newLevel). For SparkR, use setLogLevel(newLevel).
24/07/04 19:34:04 WARN NativeCodeLoader: Unable to load native-hadoop library for your platform... using builtin-java classes where applicable
24/07/04 19:34:06 WARN Utils: Service 'SparkUI' could not bind on port 4040. Attempting port 4041.
24/07/04 19:34:06 WARN Utils: Service 'SparkUI' could not bind on port 4041. Attempting port 4042.
[Stage 0:>                                                          (0 + 0) / 1][Stage 0:>                                                          (0 + 1) / 1]                                                                                [Stage 1:>                                                          (0 + 6) / 6][Stage 3:>                                                          (0 + 1) / 1]                                                                                Deleted hdfs:///user/itversity/casestudy/kafkastream/event_date=2024-07-04/event_hour=18
/home/itversity/.local/lib/python3.6/site-packages/pyspark/context.py:238: FutureWarning: Python 3.6 support is deprecated in Spark 3.2.
  FutureWarning
Using Spark's default log4j profile: org/apache/spark/log4j-defaults.properties
Setting default log level to "WARN".
To adjust logging level use sc.setLogLevel(newLevel). For SparkR, use setLogLevel(newLevel).
24/07/04 20:00:05 WARN NativeCodeLoader: Unable to load native-hadoop library for your platform... using builtin-java classes where applicable
24/07/04 20:00:07 WARN Utils: Service 'SparkUI' could not bind on port 4040. Attempting port 4041.
/home/itversity/.local/lib/python3.6/site-packages/pyspark/context.py:238: FutureWarning: Python 3.6 support is deprecated in Spark 3.2.
  FutureWarning
erroorrr
Using Spark's default log4j profile: org/apache/spark/log4j-defaults.properties
Setting default log level to "WARN".
To adjust logging level use sc.setLogLevel(newLevel). For SparkR, use setLogLevel(newLevel).
24/07/04 21:00:07 WARN NativeCodeLoader: Unable to load native-hadoop library for your platform... using builtin-java classes where applicable
/home/itversity/.local/lib/python3.6/site-packages/pyspark/context.py:238: FutureWarning: Python 3.6 support is deprecated in Spark 3.2.
  FutureWarning
erroorrr
